2020-01-27 11:25:20,687 INFO [Test worker] c.e.t.t.TestBase [TestBase.java:19] Start test testLogInWithAtlassianAcc with parameters []
2020-01-27 11:25:40,852 ERROR [Test worker] c.e.t.u.Listener [Listener.java:20] testLogInWithAtlassianAcc
 FAILED
org.openqa.selenium.NoSuchElementException: no such element: Unable to locate element: {"method":"css selector","selector":"[hre='/login']"}
  (Session info: chrome=79.0.3945.130)
For documentation on this error, please visit: https://www.seleniumhq.org/exceptions/no_such_element.html
Build info: version: '3.141.59', revision: 'e82be7d358', time: '2018-11-14T08:17:03'
System info: host: 'LENA-TOSHIBA', ip: '192.168.204.2', os.name: 'Windows 10', os.arch: 'amd64', os.version: '10.0', java.version: '1.8.0_181'
Driver info: org.openqa.selenium.chrome.ChromeDriver
Capabilities {acceptInsecureCerts: false, browserName: chrome, browserVersion: 79.0.3945.130, chrome: {chromedriverVersion: 79.0.3945.36 (3582db32b3389..., userDataDir: C:\Users\Elena\AppData\Loca...}, goog:chromeOptions: {debuggerAddress: localhost:59615}, javascriptEnabled: true, networkConnectionEnabled: false, pageLoadStrategy: normal, platform: WINDOWS, platformName: WINDOWS, proxy: Proxy(), setWindowRect: true, strictFileInteractability: false, timeouts: {implicit: 0, pageLoad: 300000, script: 30000}, unhandledPromptBehavior: dismiss and notify}
Session ID: a04121be3e82fc58eb14348f9def6d58
*** Element info: {Using=css selector, value=[hre='/login']}
2020-01-27 11:25:40,857 INFO [Test worker] c.e.t.t.TestBase [TestBase.java:25] Stop test testLogInWithAtlassianAcc
